0 info it worked if it ends with ok
1 verbose cli [ '/usr/local/bin/node',
1 verbose cli   '/home/big/j/.npm-packages/bin/npm',
1 verbose cli   'run',
1 verbose cli   'test' ]
2 info using npm@3.10.7
3 info using node@v6.5.0
4 verbose run-script [ 'pretest', 'test', 'posttest' ]
5 info lifecycle flimflam-docs@0.0.1~pretest: flimflam-docs@0.0.1
6 silly lifecycle flimflam-docs@0.0.1~pretest: no script for pretest, continuing
7 info lifecycle flimflam-docs@0.0.1~test: flimflam-docs@0.0.1
8 verbose lifecycle flimflam-docs@0.0.1~test: unsafe-perm in lifecycle true
9 verbose lifecycle flimflam-docs@0.0.1~test: PATH: /home/big/j/.npm-packages/lib/node_modules/npm/bin/node-gyp-bin:/home/big/j/code/flimflam-docs/node_modules/.bin:/home/big/j/.rbenv/bin:/home/big/j/.todo.txt:/home/big/j/bin/activator-1.3.10-minimal/bin:/home/big/j/.cabal/bin:/home/big/j/bin:/home/big/j/.npm-packages/bin:/home/big/j/.rbenv/bin:/home/big/j/.todo.txt:/home/big/j/bin/activator-1.3.10-minimal/bin:/home/big/j/.cabal/bin:/home/big/j/bin:/home/big/j/.npm-packages/bin:/home/big/j/.rbenv/shims:/home/big/j/.rbenv/bin:/home/big/j/.todo.txt:/home/big/j/bin/activator-1.3.10-minimal/bin:/home/big/j/.cabal/bin:/home/big/j/bin:/home/big/j/.npm-packages/bin:/usr/local/bin:/usr/bin:/bin:/usr/local/games:/usr/games
10 verbose lifecycle flimflam-docs@0.0.1~test: CWD: /home/big/j/code/flimflam-docs
11 silly lifecycle flimflam-docs@0.0.1~test: Args: [ '-c', 'echo "Error: no test specified" && exit 1' ]
12 silly lifecycle flimflam-docs@0.0.1~test: Returned: code: 1  signal: null
13 info lifecycle flimflam-docs@0.0.1~test: Failed to exec test script
14 verbose stack Error: flimflam-docs@0.0.1 test: `echo "Error: no test specified" && exit 1`
14 verbose stack Exit status 1
14 verbose stack     at EventEmitter.<anonymous> (/home/big/j/.npm-packages/lib/node_modules/npm/lib/utils/lifecycle.js:255:16)
14 verbose stack     at emitTwo (events.js:106:13)
14 verbose stack     at EventEmitter.emit (events.js:191:7)
14 verbose stack     at ChildProcess.<anonymous> (/home/big/j/.npm-packages/lib/node_modules/npm/lib/utils/spawn.js:40:14)
14 verbose stack     at emitTwo (events.js:106:13)
14 verbose stack     at ChildProcess.emit (events.js:191:7)
14 verbose stack     at maybeClose (internal/child_process.js:877:16)
14 verbose stack     at Process.ChildProcess._handle.onexit (internal/child_process.js:226:5)
15 verbose pkgid flimflam-docs@0.0.1
16 verbose cwd /home/big/j/code/flimflam-docs/examples/7GUIs
17 error Linux 3.16.0-4-amd64
18 error argv "/usr/local/bin/node" "/home/big/j/.npm-packages/bin/npm" "run" "test"
19 error node v6.5.0
20 error npm  v3.10.7
21 error code ELIFECYCLE
22 error flimflam-docs@0.0.1 test: `echo "Error: no test specified" && exit 1`
22 error Exit status 1
23 error Failed at the flimflam-docs@0.0.1 test script 'echo "Error: no test specified" && exit 1'.
23 error Make sure you have the latest version of node.js and npm installed.
23 error If you do, this is most likely a problem with the flimflam-docs package,
23 error not with npm itself.
23 error Tell the author that this fails on your system:
23 error     echo "Error: no test specified" && exit 1
23 error You can get information on how to open an issue for this project with:
23 error     npm bugs flimflam-docs
23 error Or if that isn't available, you can get their info via:
23 error     npm owner ls flimflam-docs
23 error There is likely additional logging output above.
24 verbose exit [ 1, true ]
